This is pdfTeX, Version 3.141592653-2.6-1.40.26 (TeX Live 2024) (preloaded format=pdflatex 2024.5.10)  7 JUN 2024 16:44
entering extended mode
 restricted \write18 enabled.
 file:line:error style messages enabled.
 %&-line parsing enabled.
**/home/frulcino/Latex_Projects/VerbaliSuiGeneris/verbale01Consenso.tex
(/home/frulcino/Latex_Projects/VerbaliSuiGeneris/verbale01Consenso.tex
LaTeX2e <2023-11-01> patch level 1
L3 programming layer <2024-04-11>
(/usr/local/texlive/2024/texmf-dist/tex/latex/base/article.cls
Document Class: article 2023/05/17 v1.4n Standard LaTeX document class
(/usr/local/texlive/2024/texmf-dist/tex/latex/base/size10.clo
File: size10.clo 2023/05/17 v1.4n Standard LaTeX file (size option)
)
\c@part=\count189
\c@section=\count190
\c@subsection=\count191
\c@subsubsection=\count192
\c@paragraph=\count193
\c@subparagraph=\count194
\c@figure=\count195
\c@table=\count196
\abovecaptionskip=\skip48
\belowcaptionskip=\skip49
\bibindent=\dimen140
) (/usr/local/texlive/2024/texmf-dist/tex/latex/geometry/geometry.sty
Package: geometry 2020/01/02 v5.9 Page Geometry
 (/usr/local/texlive/2024/texmf-dist/tex/latex/graphics/keyval.sty
Package: keyval 2022/05/29 v1.15 key=value parser (DPC)
\KV@toks@=\toks17
) (/usr/local/texlive/2024/texmf-dist/tex/generic/iftex/ifvtex.sty
Package: ifvtex 2019/10/25 v1.7 ifvtex legacy package. Use iftex instead.
 (/usr/local/texlive/2024/texmf-dist/tex/generic/iftex/iftex.sty
Package: iftex 2022/02/03 v1.0f TeX engine tests
))
\Gm@cnth=\count197
\Gm@cntv=\count198
\c@Gm@tempcnt=\count199
\Gm@bindingoffset=\dimen141
\Gm@wd@mp=\dimen142
\Gm@odd@mp=\dimen143
\Gm@even@mp=\dimen144
\Gm@layoutwidth=\dimen145
\Gm@layoutheight=\dimen146
\Gm@layouthoffset=\dimen147
\Gm@layoutvoffset=\dimen148
\Gm@dimlist=\toks18
) (/usr/local/texlive/2024/texmf-dist/tex/latex/xcolor/xcolor.sty
Package: xcolor 2023/11/15 v3.01 LaTeX color extensions (UK)
 (/usr/local/texlive/2024/texmf-dist/tex/latex/graphics-cfg/color.cfg
File: color.cfg 2016/01/02 v1.6 sample color configuration
)
Package xcolor Info: Driver file: pdftex.def on input line 274.
 (/usr/local/texlive/2024/texmf-dist/tex/latex/graphics-def/pdftex.def
File: pdftex.def 2024/04/13 v1.2c Graphics/color driver for pdftex
) (/usr/local/texlive/2024/texmf-dist/tex/latex/graphics/mathcolor.ltx)
Package xcolor Info: Model `cmy' substituted by `cmy0' on input line 1350.
Package xcolor Info: Model `hsb' substituted by `rgb' on input line 1354.
Package xcolor Info: Model `RGB' extended on input line 1366.
Package xcolor Info: Model `HTML' substituted by `rgb' on input line 1368.
Package xcolor Info: Model `Hsb' substituted by `hsb' on input line 1369.
Package xcolor Info: Model `tHsb' substituted by `hsb' on input line 1370.
Package xcolor Info: Model `HSB' substituted by `hsb' on input line 1371.
Package xcolor Info: Model `Gray' substituted by `gray' on input line 1372.
Package xcolor Info: Model `wave' substituted by `hsb' on input line 1373.
) (/usr/local/texlive/2024/texmf-dist/tex/latex/pgf/frontendlayer/tikz.sty (/usr/local/texlive/2024/texmf-dist/tex/latex/pgf/basiclayer/pgf.sty (/usr/local/texlive/2024/texmf-dist/tex/latex/pgf/utilities/pgfrcs.sty (/usr/local/texlive/2024/texmf-dist/tex/generic/pgf/utilities/pgfutil-common.tex
\pgfutil@everybye=\toks19
\pgfutil@tempdima=\dimen149
\pgfutil@tempdimb=\dimen150
) (/usr/local/texlive/2024/texmf-dist/tex/generic/pgf/utilities/pgfutil-latex.def
\pgfutil@abb=\box51
) (/usr/local/texlive/2024/texmf-dist/tex/generic/pgf/utilities/pgfrcs.code.tex (/usr/local/texlive/2024/texmf-dist/tex/generic/pgf/pgf.revision.tex)
Package: pgfrcs 2023-01-15 v3.1.10 (3.1.10)
))
Package: pgf 2023-01-15 v3.1.10 (3.1.10)
 (/usr/local/texlive/2024/texmf-dist/tex/latex/pgf/basiclayer/pgfcore.sty (/usr/local/texlive/2024/texmf-dist/tex/latex/graphics/graphicx.sty
Package: graphicx 2021/09/16 v1.2d Enhanced LaTeX Graphics (DPC,SPQR)
 (/usr/local/texlive/2024/texmf-dist/tex/latex/graphics/graphics.sty
Package: graphics 2022/03/10 v1.4e Standard LaTeX Graphics (DPC,SPQR)
 (/usr/local/texlive/2024/texmf-dist/tex/latex/graphics/trig.sty
Package: trig 2021/08/11 v1.11 sin cos tan (DPC)
) (/usr/local/texlive/2024/texmf-dist/tex/latex/graphics-cfg/graphics.cfg
File: graphics.cfg 2016/06/04 v1.11 sample graphics configuration
)
Package graphics Info: Driver file: pdftex.def on input line 107.
)
\Gin@req@height=\dimen151
\Gin@req@width=\dimen152
) (/usr/local/texlive/2024/texmf-dist/tex/latex/pgf/systemlayer/pgfsys.sty (/usr/local/texlive/2024/texmf-dist/tex/generic/pgf/systemlayer/pgfsys.code.tex
Package: pgfsys 2023-01-15 v3.1.10 (3.1.10)
 (/usr/local/texlive/2024/texmf-dist/tex/generic/pgf/utilities/pgfkeys.code.tex
\pgfkeys@pathtoks=\toks20
\pgfkeys@temptoks=\toks21
 (/usr/local/texlive/2024/texmf-dist/tex/generic/pgf/utilities/pgfkeyslibraryfiltered.code.tex
\pgfkeys@tmptoks=\toks22
))
\pgf@x=\dimen153
\pgf@y=\dimen154
\pgf@xa=\dimen155
\pgf@ya=\dimen156
\pgf@xb=\dimen157
\pgf@yb=\dimen158
\pgf@xc=\dimen159
\pgf@yc=\dimen160
\pgf@xd=\dimen161
\pgf@yd=\dimen162
\w@pgf@writea=\write3
\r@pgf@reada=\read2
\c@pgf@counta=\count266
\c@pgf@countb=\count267
\c@pgf@countc=\count268
\c@pgf@countd=\count269
\t@pgf@toka=\toks23
\t@pgf@tokb=\toks24
\t@pgf@tokc=\toks25
\pgf@sys@id@count=\count270
 (/usr/local/texlive/2024/texmf-dist/tex/generic/pgf/systemlayer/pgf.cfg
File: pgf.cfg 2023-01-15 v3.1.10 (3.1.10)
)
Driver file for pgf: pgfsys-pdftex.def
 (/usr/local/texlive/2024/texmf-dist/tex/generic/pgf/systemlayer/pgfsys-pdftex.def
File: pgfsys-pdftex.def 2023-01-15 v3.1.10 (3.1.10)
 (/usr/local/texlive/2024/texmf-dist/tex/generic/pgf/systemlayer/pgfsys-common-pdf.def
File: pgfsys-common-pdf.def 2023-01-15 v3.1.10 (3.1.10)
))) (/usr/local/texlive/2024/texmf-dist/tex/generic/pgf/systemlayer/pgfsyssoftpath.code.tex
File: pgfsyssoftpath.code.tex 2023-01-15 v3.1.10 (3.1.10)
\pgfsyssoftpath@smallbuffer@items=\count271
\pgfsyssoftpath@bigbuffer@items=\count272
) (/usr/local/texlive/2024/texmf-dist/tex/generic/pgf/systemlayer/pgfsysprotocol.code.tex
File: pgfsysprotocol.code.tex 2023-01-15 v3.1.10 (3.1.10)
)) (/usr/local/texlive/2024/texmf-dist/tex/generic/pgf/basiclayer/pgfcore.code.tex
Package: pgfcore 2023-01-15 v3.1.10 (3.1.10)
 (/usr/local/texlive/2024/texmf-dist/tex/generic/pgf/math/pgfmath.code.tex (/usr/local/texlive/2024/texmf-dist/tex/generic/pgf/math/pgfmathutil.code.tex) (/usr/local/texlive/2024/texmf-dist/tex/generic/pgf/math/pgfmathparser.code.tex
\pgfmath@dimen=\dimen163
\pgfmath@count=\count273
\pgfmath@box=\box52
\pgfmath@toks=\toks26
\pgfmath@stack@operand=\toks27
\pgfmath@stack@operation=\toks28
) (/usr/local/texlive/2024/texmf-dist/tex/generic/pgf/math/pgfmathfunctions.code.tex) (/usr/local/texlive/2024/texmf-dist/tex/generic/pgf/math/pgfmathfunctions.basic.code.tex) (/usr/local/texlive/2024/texmf-dist/tex/generic/pgf/math/pgfmathfunctions.trigonometric.code.tex) (/usr/local/texlive/2024/texmf-dist/tex/generic/pgf/math/pgfmathfunctions.random.code.tex) (/usr/local/texlive/2024/texmf-dist/tex/generic/pgf/math/pgfmathfunctions.comparison.code.tex) (/usr/local/texlive/2024/texmf-dist/tex/generic/pgf/math/pgfmathfunctions.base.code.tex) (/usr/local/texlive/2024/texmf-dist/tex/generic/pgf/math/pgfmathfunctions.round.code.tex) (/usr/local/texlive/2024/texmf-dist/tex/generic/pgf/math/pgfmathfunctions.misc.code.tex) (/usr/local/texlive/2024/texmf-dist/tex/generic/pgf/math/pgfmathfunctions.integerarithmetics.code.tex) (/usr/local/texlive/2024/texmf-dist/tex/generic/pgf/math/pgfmathcalc.code.tex) (/usr/local/texlive/2024/texmf-dist/tex/generic/pgf/math/pgfmathfloat.code.tex
\c@pgfmathroundto@lastzeros=\count274
)) (/usr/local/texlive/2024/texmf-dist/tex/generic/pgf/math/pgfint.code.tex) (/usr/local/texlive/2024/texmf-dist/tex/generic/pgf/basiclayer/pgfcorepoints.code.tex
File: pgfcorepoints.code.tex 2023-01-15 v3.1.10 (3.1.10)
\pgf@picminx=\dimen164
\pgf@picmaxx=\dimen165
\pgf@picminy=\dimen166
\pgf@picmaxy=\dimen167
\pgf@pathminx=\dimen168
\pgf@pathmaxx=\dimen169
\pgf@pathminy=\dimen170
\pgf@pathmaxy=\dimen171
\pgf@xx=\dimen172
\pgf@xy=\dimen173
\pgf@yx=\dimen174
\pgf@yy=\dimen175
\pgf@zx=\dimen176
\pgf@zy=\dimen177
) (/usr/local/texlive/2024/texmf-dist/tex/generic/pgf/basiclayer/pgfcorepathconstruct.code.tex
File: pgfcorepathconstruct.code.tex 2023-01-15 v3.1.10 (3.1.10)
\pgf@path@lastx=\dimen178
\pgf@path@lasty=\dimen179
) (/usr/local/texlive/2024/texmf-dist/tex/generic/pgf/basiclayer/pgfcorepathusage.code.tex
File: pgfcorepathusage.code.tex 2023-01-15 v3.1.10 (3.1.10)
\pgf@shorten@end@additional=\dimen180
\pgf@shorten@start@additional=\dimen181
) (/usr/local/texlive/2024/texmf-dist/tex/generic/pgf/basiclayer/pgfcorescopes.code.tex
File: pgfcorescopes.code.tex 2023-01-15 v3.1.10 (3.1.10)
\pgfpic=\box53
\pgf@hbox=\box54
\pgf@layerbox@main=\box55
\pgf@picture@serial@count=\count275
) (/usr/local/texlive/2024/texmf-dist/tex/generic/pgf/basiclayer/pgfcoregraphicstate.code.tex
File: pgfcoregraphicstate.code.tex 2023-01-15 v3.1.10 (3.1.10)
\pgflinewidth=\dimen182
) (/usr/local/texlive/2024/texmf-dist/tex/generic/pgf/basiclayer/pgfcoretransformations.code.tex
File: pgfcoretransformations.code.tex 2023-01-15 v3.1.10 (3.1.10)
\pgf@pt@x=\dimen183
\pgf@pt@y=\dimen184
\pgf@pt@temp=\dimen185
) (/usr/local/texlive/2024/texmf-dist/tex/generic/pgf/basiclayer/pgfcorequick.code.tex
File: pgfcorequick.code.tex 2023-01-15 v3.1.10 (3.1.10)
) (/usr/local/texlive/2024/texmf-dist/tex/generic/pgf/basiclayer/pgfcoreobjects.code.tex
File: pgfcoreobjects.code.tex 2023-01-15 v3.1.10 (3.1.10)
) (/usr/local/texlive/2024/texmf-dist/tex/generic/pgf/basiclayer/pgfcorepathprocessing.code.tex
File: pgfcorepathprocessing.code.tex 2023-01-15 v3.1.10 (3.1.10)
) (/usr/local/texlive/2024/texmf-dist/tex/generic/pgf/basiclayer/pgfcorearrows.code.tex
File: pgfcorearrows.code.tex 2023-01-15 v3.1.10 (3.1.10)
\pgfarrowsep=\dimen186
) (/usr/local/texlive/2024/texmf-dist/tex/generic/pgf/basiclayer/pgfcoreshade.code.tex
File: pgfcoreshade.code.tex 2023-01-15 v3.1.10 (3.1.10)
\pgf@max=\dimen187
\pgf@sys@shading@range@num=\count276
\pgf@shadingcount=\count277
) (/usr/local/texlive/2024/texmf-dist/tex/generic/pgf/basiclayer/pgfcoreimage.code.tex
File: pgfcoreimage.code.tex 2023-01-15 v3.1.10 (3.1.10)
) (/usr/local/texlive/2024/texmf-dist/tex/generic/pgf/basiclayer/pgfcoreexternal.code.tex
File: pgfcoreexternal.code.tex 2023-01-15 v3.1.10 (3.1.10)
\pgfexternal@startupbox=\box56
) (/usr/local/texlive/2024/texmf-dist/tex/generic/pgf/basiclayer/pgfcorelayers.code.tex
File: pgfcorelayers.code.tex 2023-01-15 v3.1.10 (3.1.10)
) (/usr/local/texlive/2024/texmf-dist/tex/generic/pgf/basiclayer/pgfcoretransparency.code.tex
File: pgfcoretransparency.code.tex 2023-01-15 v3.1.10 (3.1.10)
) (/usr/local/texlive/2024/texmf-dist/tex/generic/pgf/basiclayer/pgfcorepatterns.code.tex
File: pgfcorepatterns.code.tex 2023-01-15 v3.1.10 (3.1.10)
) (/usr/local/texlive/2024/texmf-dist/tex/generic/pgf/basiclayer/pgfcorerdf.code.tex
File: pgfcorerdf.code.tex 2023-01-15 v3.1.10 (3.1.10)
))) (/usr/local/texlive/2024/texmf-dist/tex/generic/pgf/modules/pgfmoduleshapes.code.tex
File: pgfmoduleshapes.code.tex 2023-01-15 v3.1.10 (3.1.10)
\pgfnodeparttextbox=\box57
) (/usr/local/texlive/2024/texmf-dist/tex/generic/pgf/modules/pgfmoduleplot.code.tex
File: pgfmoduleplot.code.tex 2023-01-15 v3.1.10 (3.1.10)
) (/usr/local/texlive/2024/texmf-dist/tex/latex/pgf/compatibility/pgfcomp-version-0-65.sty
Package: pgfcomp-version-0-65 2023-01-15 v3.1.10 (3.1.10)
\pgf@nodesepstart=\dimen188
\pgf@nodesepend=\dimen189
) (/usr/local/texlive/2024/texmf-dist/tex/latex/pgf/compatibility/pgfcomp-version-1-18.sty
Package: pgfcomp-version-1-18 2023-01-15 v3.1.10 (3.1.10)
)) (/usr/local/texlive/2024/texmf-dist/tex/latex/pgf/utilities/pgffor.sty (/usr/local/texlive/2024/texmf-dist/tex/latex/pgf/utilities/pgfkeys.sty (/usr/local/texlive/2024/texmf-dist/tex/generic/pgf/utilities/pgfkeys.code.tex)) (/usr/local/texlive/2024/texmf-dist/tex/latex/pgf/math/pgfmath.sty (/usr/local/texlive/2024/texmf-dist/tex/generic/pgf/math/pgfmath.code.tex)) (/usr/local/texlive/2024/texmf-dist/tex/generic/pgf/utilities/pgffor.code.tex
Package: pgffor 2023-01-15 v3.1.10 (3.1.10)
\pgffor@iter=\dimen190
\pgffor@skip=\dimen191
\pgffor@stack=\toks29
\pgffor@toks=\toks30
)) (/usr/local/texlive/2024/texmf-dist/tex/generic/pgf/frontendlayer/tikz/tikz.code.tex
Package: tikz 2023-01-15 v3.1.10 (3.1.10)
 (/usr/local/texlive/2024/texmf-dist/tex/generic/pgf/libraries/pgflibraryplothandlers.code.tex
File: pgflibraryplothandlers.code.tex 2023-01-15 v3.1.10 (3.1.10)
\pgf@plot@mark@count=\count278
\pgfplotmarksize=\dimen192
)
\tikz@lastx=\dimen193
\tikz@lasty=\dimen194
\tikz@lastxsaved=\dimen195
\tikz@lastysaved=\dimen196
\tikz@lastmovetox=\dimen197
\tikz@lastmovetoy=\dimen198
\tikzleveldistance=\dimen199
\tikzsiblingdistance=\dimen256
\tikz@figbox=\box58
\tikz@figbox@bg=\box59
\tikz@tempbox=\box60
\tikz@tempbox@bg=\box61
\tikztreelevel=\count279
\tikznumberofchildren=\count280
\tikznumberofcurrentchild=\count281
\tikz@fig@count=\count282
 (/usr/local/texlive/2024/texmf-dist/tex/generic/pgf/modules/pgfmodulematrix.code.tex
File: pgfmodulematrix.code.tex 2023-01-15 v3.1.10 (3.1.10)
\pgfmatrixcurrentrow=\count283
\pgfmatrixcurrentcolumn=\count284
\pgf@matrix@numberofcolumns=\count285
)
\tikz@expandcount=\count286
 (/usr/local/texlive/2024/texmf-dist/tex/generic/pgf/frontendlayer/tikz/libraries/tikzlibrarytopaths.code.tex
File: tikzlibrarytopaths.code.tex 2023-01-15 v3.1.10 (3.1.10)
))) (/usr/local/texlive/2024/texmf-dist/tex/latex/etoolbox/etoolbox.sty
Package: etoolbox 2020/10/05 v2.5k e-TeX tools for LaTeX (JAW)
\etb@tempcnta=\count287
) (/usr/local/texlive/2024/texmf-dist/tex/latex/trimspaces/trimspaces.sty
Package: trimspaces 2009/09/17 v1.1 Trim spaces around a token list
) (/usr/local/texlive/2024/texmf-dist/tex/latex/tikzpingus/tikzpingus.sty
Package: tikzpingus 2023/09/17 version v1.1 Penguins in TikZ
 (/usr/local/texlive/2024/texmf-dist/tex/generic/pgf/frontendlayer/tikz/libraries/tikzlibraryintersections.code.tex (/usr/local/texlive/2024/texmf-dist/tex/generic/pgf/libraries/pgflibraryintersections.code.tex (/usr/local/texlive/2024/texmf-dist/tex/generic/pgf/libraries/pgflibraryfpu.code.tex)
\pgf@intersect@solutions=\count288
)) (/usr/local/texlive/2024/texmf-dist/tex/generic/pgf/frontendlayer/tikz/libraries/tikzlibraryshadings.code.tex
File: tikzlibraryshadings.code.tex 2023-01-15 v3.1.10 (3.1.10)
 (/usr/local/texlive/2024/texmf-dist/tex/generic/pgf/libraries/pgflibraryshadings.code.tex
File: pgflibraryshadings.code.tex 2023-01-15 v3.1.10 (3.1.10)
)) (/usr/local/texlive/2024/texmf-dist/tex/generic/pgf/frontendlayer/tikz/libraries/tikzlibrarypatterns.meta.code.tex (/usr/local/texlive/2024/texmf-dist/tex/generic/pgf/libraries/pgflibrarypatterns.meta.code.tex)) (/usr/local/texlive/2024/texmf-dist/tex/generic/pgf/frontendlayer/tikz/libraries/tikzlibrarydecorations.pathmorphing.code.tex (/usr/local/texlive/2024/texmf-dist/tex/generic/pgf/frontendlayer/tikz/libraries/tikzlibrarydecorations.code.tex (/usr/local/texlive/2024/texmf-dist/tex/generic/pgf/modules/pgfmoduledecorations.code.tex
\pgfdecoratedcompleteddistance=\dimen257
\pgfdecoratedremainingdistance=\dimen258
\pgfdecoratedinputsegmentcompleteddistance=\dimen259
\pgfdecoratedinputsegmentremainingdistance=\dimen260
\pgf@decorate@distancetomove=\dimen261
\pgf@decorate@repeatstate=\count289
\pgfdecorationsegmentamplitude=\dimen262
\pgfdecorationsegmentlength=\dimen263
)
\tikz@lib@dec@box=\box62
) (/usr/local/texlive/2024/texmf-dist/tex/generic/pgf/libraries/decorations/pgflibrarydecorations.pathmorphing.code.tex)) (/usr/local/texlive/2024/texmf-dist/tex/generic/pgf/frontendlayer/tikz/libraries/tikzlibraryshapes.symbols.code.tex
File: tikzlibraryshapes.symbols.code.tex 2023-01-15 v3.1.10 (3.1.10)
 (/usr/local/texlive/2024/texmf-dist/tex/generic/pgf/libraries/shapes/pgflibraryshapes.symbols.code.tex
File: pgflibraryshapes.symbols.code.tex 2023-01-15 v3.1.10 (3.1.10)
)) (/usr/local/texlive/2024/texmf-dist/tex/generic/pgf/frontendlayer/tikz/libraries/tikzlibraryshapes.geometric.code.tex
File: tikzlibraryshapes.geometric.code.tex 2023-01-15 v3.1.10 (3.1.10)
 (/usr/local/texlive/2024/texmf-dist/tex/generic/pgf/libraries/shapes/pgflibraryshapes.geometric.code.tex
File: pgflibraryshapes.geometric.code.tex 2023-01-15 v3.1.10 (3.1.10)
))
\pgf@layerbox@background=\box63
\pgf@layerboxsaved@background=\box64
\pgf@layerbox@foreground=\box65
\pgf@layerboxsaved@foreground=\box66
\pgf@layerbox@middle=\box67
\pgf@layerboxsaved@middle=\box68
\pgf@layerbox@very-background=\box69
\pgf@layerboxsaved@very-background=\box70
\pingu@one@eight=\dimen264
\pingu@one=\dimen265
\pingu@w@half=\dimen266
\pingu@head@h@half=\dimen267
\pingu@side@h@half=\dimen268
\pingu@bend=\dimen269
\pingu@lower@off=\dimen270
\pingu@outer@off=\dimen271
\pingu@foot@outer@w=\dimen272
\pingu@foot@outer@h=\dimen273
\pingu@headcon@x=\dimen274
\pingu@headcon@y=\dimen275
\pingu@foot@inner@w=\dimen276
\pingu@foot@inner@h=\dimen277
\pingu@foot@single@w=\dimen278
\pingu@foot@single@h=\dimen279
\pingu@eye@shift=\dimen280
\pc@lefteye@max=\count290
\pc@righteye@max=\count291
\pc@leftwing@max=\count292
\pc@rightwing@max=\count293
\pc@hairstyle@max=\count294
\pc@bill@max=\count295
\pc@leftfoot@max=\count296
\pc@rightfoot@max=\count297
\pc@bodytype@max=\count298
\pingu@patchw=\skip50
 (/usr/local/texlive/2024/texmf-dist/tex/latex/tikzpingus/tikzpingus-shirts.lib.tex) (/usr/local/texlive/2024/texmf-dist/tex/latex/tikzpingus/tikzpingus-glasses.lib.tex) (/usr/local/texlive/2024/texmf-dist/tex/latex/tikzpingus/tikzpingus-medieval.lib.tex) (/usr/local/texlive/2024/texmf-dist/tex/latex/tikzpingus/tikzpingus-cloak.lib.tex) (/usr/local/texlive/2024/texmf-dist/tex/latex/tikzpingus/tikzpingus-christmas.lib.tex) (/usr/local/texlive/2024/texmf-dist/tex/latex/tikzpingus/tikzpingus-science-fiction.lib.tex) (/usr/local/texlive/2024/texmf-dist/tex/latex/tikzpingus/tikzpingus-fun.lib.tex) (/usr/local/texlive/2024/texmf-dist/tex/latex/tikzpingus/tikzpingus-technology.lib.tex) (/usr/local/texlive/2024/texmf-dist/tex/latex/tikzpingus/tikzpingus-flags.lib.tex) (/usr/local/texlive/2024/texmf-dist/tex/latex/tikzpingus/tikzpingus-hats.lib.tex
\pingu@hat@w@half=\dimen281
\pingu@hat@h=\dimen282
\pingu@constructionhelmet@w@half=\dimen283
\pingu@witchhat@w@half=\dimen284
\pingu@witchhat@h=\dimen285
\pingu@mitra@w@half=\dimen286
) (/usr/local/texlive/2024/texmf-dist/tex/latex/tikzpingus/tikzpingus-sport.lib.tex) (/usr/local/texlive/2024/texmf-dist/tex/latex/tikzpingus/tikzpingus-formal.lib.tex) (/usr/local/texlive/2024/texmf-dist/tex/latex/tikzpingus/tikzpingus-signs.lib.tex (/usr/local/texlive/2024/texmf-dist/tex/generic/pgf/frontendlayer/tikz/libraries/tikzlibrarydecorations.text.code.tex (/usr/local/texlive/2024/texmf-dist/tex/generic/pgf/libraries/decorations/pgflibrarydecorations.text.code.tex
\pgf@lib@dec@text@box=\box71
)
\tikz@lib@dec@te@box=\box72
)) (/usr/local/texlive/2024/texmf-dist/tex/latex/tikzpingus/tikzpingus-devil.lib.tex) (/usr/local/texlive/2024/texmf-dist/tex/latex/tikzpingus/tikzpingus-safe.lib.tex) (/usr/local/texlive/2024/texmf-dist/tex/latex/tikzpingus/tikzpingus-magic.lib.tex) (/usr/local/texlive/2024/texmf-dist/tex/latex/tikzpingus/tikzpingus-movement.lib.tex) (/usr/local/texlive/2024/texmf-dist/tex/latex/tikzpingus/tikzpingus-emotions.lib.tex) (/usr/local/texlive/2024/texmf-dist/tex/latex/tikzpingus/tikzpingus-horse.lib.tex)
(/usr/local/texlive/2024/texmf-dist/tex/latex/tikzpingus/tikzpingus-bee.lib.tex)) (/usr/local/texlive/2024/texmf-dist/tex/latex/tabularray/tabularray.sty (/usr/local/texlive/2024/texmf-dist/tex/latex/l3kernel/expl3.sty
Package: expl3 2024-04-11 L3 programming layer (loader) 
 (/usr/local/texlive/2024/texmf-dist/tex/latex/l3backend/l3backend-pdftex.def
File: l3backend-pdftex.def 2024-04-11 L3 backend support: PDF output (pdfTeX)
\l__color_backend_stack_int=\count299
\l__pdf_internal_box=\box73
))
Package: tabularray 2024-02-16 v2024A Typeset tabulars and arrays with LaTeX3
\l__tblr_a_int=\count300
\l__tblr_c_int=\count301
\l__tblr_r_int=\count302
\l__tblr_d_dim=\dimen287
\l__tblr_h_dim=\dimen288
\l__tblr_o_dim=\dimen289
\l__tblr_p_dim=\dimen290
\l__tblr_q_dim=\dimen291
\l__tblr_r_dim=\dimen292
\l__tblr_s_dim=\dimen293
\l__tblr_t_dim=\dimen294
\l__tblr_v_dim=\dimen295
\l__tblr_w_dim=\dimen296
\l__tblr_a_box=\box74
\l__tblr_b_box=\box75
\l__tblr_c_box=\box76
\l__tblr_d_box=\box77
\g__tblr_table_count_int=\count303
\c@rownum=\count304
\c@colnum=\count305
\c@rowcount=\count306
\c@colcount=\count307
\abovesep=\dimen297
\belowsep=\dimen298
\leftsep=\dimen299
\rightsep=\dimen300
\g_tblr_level_int=\count308
\g__tblr_data_row_key_count_int=\count309
\g__tblr_data_column_key_count_int=\count310
\g__tblr_data_cell_key_count_int=\count311
\g__tblr_array_int=\count312
\l__tblr_key_count_int=\count313
\l__tblr_key_quotient_int=\count314
\l__tblr_key_quotient_two_int=\count315
\l__tblr_key_remainder_int=\count316
\g__tblr_data_str_value_count_int=\count317
\rulewidth=\dimen301
\l__tblr_strut_dp_dim=\dimen302
\l__tblr_strut_ht_dim=\dimen303
\g__tblr_cell_wd_dim=\dimen304
\g__tblr_cell_ht_dim=\dimen305
\g__tblr_cell_head_dim=\dimen306
\g__tblr_cell_foot_dim=\dimen307
\l__column_target_dim=\dimen308
\l__tblr_caption_box=\box78
\l__tblr_caption_left_box=\box79
\l__tblr_row_head_box=\box80
\l__tblr_row_foot_box=\box81
\l__tblr_row_head_foot_dim=\dimen309
\tablewidth=\dimen310
\l__tblr_table_firsthead_box=\box82
\l__tblr_table_middlehead_box=\box83
\l__tblr_table_lasthead_box=\box84
\l__tblr_table_firstfoot_box=\box85
\l__tblr_table_middlefoot_box=\box86
\l__tblr_table_lastfoot_box=\box87
\l__tblr_remain_height_dim=\dimen311
\l__tblr_long_from_int=\count318
\l__tblr_long_to_int=\count319
\l__tblr_curr_i_int=\count320
\l__tblr_prev_i_int=\count321
\l__tblr_table_page_int=\count322
\l__tblr_table_head_box=\box88
\l__tblr_table_foot_box=\box89
\l__tblr_table_head_foot_dim=\dimen312
\l__tblr_table_head_body_foot_dim=\dimen313
\l__tblr_table_box=\box90
\l__tblr_table_hlines_box=\box91
\l__tblr_hline_box=\box92
\l__tblr_row_box=\box93
\l__tblr_col_o_wd_dim=\dimen314
\l__tblr_col_b_wd_dim=\dimen315
\l__tblr_hline_leftskip_dim=\dimen316
\l__tblr_hline_rightskip_dim=\dimen317
\l__tblr_row_ht_dim=\dimen318
\l__tblr_row_dp_dim=\dimen319
\l__tblr_row_abovesep_dim=\dimen320
\l__tblr_row_belowsep_dim=\dimen321
\l__tblr_row_vlines_box=\box94
\l__tblr_vline_box=\box95
\l__tblr_cell_box=\box96
\l__row_upper_dim=\dimen322
\l__row_lower_dim=\dimen323
\l__row_vpace_dim=\dimen324
\l__tblr_vline_aboveskip_dim=\dimen325
\l__tblr_vline_belowskip_dim=\dimen326
\l__tblr_cell_wd_dim=\dimen327
\l__tblr_cell_ht_dim=\dimen328
\l__tblr_diag_box=\box97
)
\c@participantcount=\count323
 (./verbale01Consenso.aux)
\openout1 = `verbale01Consenso.aux'.

LaTeX Font Info:    Checking defaults for OML/cmm/m/it on input line 211.
LaTeX Font Info:    ... okay on input line 211.
LaTeX Font Info:    Checking defaults for OMS/cmsy/m/n on input line 211.
LaTeX Font Info:    ... okay on input line 211.
LaTeX Font Info:    Checking defaults for OT1/cmr/m/n on input line 211.
LaTeX Font Info:    ... okay on input line 211.
LaTeX Font Info:    Checking defaults for T1/cmr/m/n on input line 211.
LaTeX Font Info:    ... okay on input line 211.
LaTeX Font Info:    Checking defaults for TS1/cmr/m/n on input line 211.
LaTeX Font Info:    ... okay on input line 211.
LaTeX Font Info:    Checking defaults for OMX/cmex/m/n on input line 211.
LaTeX Font Info:    ... okay on input line 211.
LaTeX Font Info:    Checking defaults for U/cmr/m/n on input line 211.
LaTeX Font Info:    ... okay on input line 211.

*geometry* driver: auto-detecting
*geometry* detected driver: pdftex
*geometry* verbose mode - [ preamble ] result:
* driver: pdftex
* paper: a4paper
* layout: <same size as paper>
* layoutoffset:(h,v)=(0.0pt,0.0pt)
* modes: 
* h-part:(L,W,R)=(81.94394pt, 433.62pt, 81.94394pt)
* v-part:(T,H,B)=(106.75473pt, 578.15999pt, 160.13213pt)
* \paperwidth=597.50787pt
* \paperheight=845.04684pt
* \textwidth=433.62pt
* \textheight=578.15999pt
* \oddsidemargin=9.67395pt
* \evensidemargin=9.67395pt
* \topmargin=-2.51526pt
* \headheight=12.0pt
* \headsep=25.0pt
* \topskip=10.0pt
* \footskip=30.0pt
* \marginparwidth=65.0pt
* \marginparsep=11.0pt
* \columnsep=10.0pt
* \skip\footins=9.0pt plus 4.0pt minus 2.0pt
* \hoffset=0.0pt
* \voffset=0.0pt
* \mag=1000
* \@twocolumnfalse
* \@twosidefalse
* \@mparswitchfalse
* \@reversemarginfalse
* (1in=72.27pt=25.4mm, 1cm=28.453pt)

(/usr/local/texlive/2024/texmf-dist/tex/context/base/mkii/supp-pdf.mkii
[Loading MPS to PDF converter (version 2006.09.02).]
\scratchcounter=\count324
\scratchdimen=\dimen329
\scratchbox=\box98
\nofMPsegments=\count325
\nofMParguments=\count326
\everyMPshowfont=\toks31
\MPscratchCnt=\count327
\MPscratchDim=\dimen330
\MPnumerator=\count328
\makeMPintoPDFobject=\count329
\everyMPtoPDFconversion=\toks32
) (/usr/local/texlive/2024/texmf-dist/tex/latex/epstopdf-pkg/epstopdf-base.sty
Package: epstopdf-base 2020-01-24 v2.11 Base part for package epstopdf
Package epstopdf-base Info: Redefining graphics rule for `.eps' on input line 485.
 (/usr/local/texlive/2024/texmf-dist/tex/latex/latexconfig/epstopdf-sys.cfg
File: epstopdf-sys.cfg 2010/07/13 v1.3 Configuration of (r)epstopdf for TeX Live
)) (/usr/local/texlive/2024/texmf-dist/tex/latex/ninecolors/ninecolors.sty
Package: ninecolors 2022-02-13 v2022D Select colors with proper color contrast
 (/usr/local/texlive/2024/texmf-dist/tex/latex/l3packages/xparse/xparse.sty
Package: xparse 2024-03-14 L3 Experimental document command parser
))
LaTeX Font Info:    External font `cmex10' loaded for size
(Font)              <12> on input line 212.
LaTeX Font Info:    External font `cmex10' loaded for size
(Font)              <8> on input line 212.
LaTeX Font Info:    External font `cmex10' loaded for size
(Font)              <6> on input line 212.


LaTeX Warning: No \author given.

\c@counterdomanda=\count330
\mypingu1=\box99
> Step: init table outer spec.
> Step: parse table options.
> Step: split table.
> Step: init table inner spec.
> Step: parse table inner spec.
> Step: execute table commands.
> Step: calculate cell and line sizes.
LaTeX Font Info:    External font `cmex10' loaded for size
(Font)              <7> on input line 218.
LaTeX Font Info:    External font `cmex10' loaded for size
(Font)              <5> on input line 218.

Overfull \hbox (9.33333pt too wide) in paragraph at lines 218--218
[][][][][][][]  
 []


Overfull \hbox (9.33333pt too wide) in paragraph at lines 218--218
[][][][][][][]  
 []

> Step: build the whole table.

Overfull \hbox (9.33333pt too wide) in paragraph at lines 218--218
[][][][][][][]  
 []

\c@countergabor=\count331

Overfull \hbox (15.0pt too wide) in paragraph at lines 218--219
[][]
 []


Underfull \hbox (badness 10000) in paragraph at lines 218--219

 []

\mypingu2=\box100
> Step: init table outer spec.
> Step: parse table options.
> Step: split table.
> Step: init table inner spec.
> Step: parse table inner spec.
> Step: execute table commands.
> Step: calculate cell and line sizes.

Overfull \hbox (9.33333pt too wide) in paragraph at lines 219--219
[][][][][][][]  
 []


Overfull \hbox (9.33333pt too wide) in paragraph at lines 219--219
[][][][][][][]  
 []

> Step: build the whole table.

Overfull \hbox (9.33333pt too wide) in paragraph at lines 219--219
[][][][][][][]  
 []

\c@counterTelefono=\count332

Overfull \hbox (15.0pt too wide) in paragraph at lines 219--220
[][]
 []


Underfull \hbox (badness 10000) in paragraph at lines 219--220

 []

\mypingu3=\box101
> Step: init table outer spec.
> Step: parse table options.
> Step: split table.
> Step: init table inner spec.
> Step: parse table inner spec.
> Step: execute table commands.
> Step: calculate cell and line sizes.

Overfull \hbox (9.33333pt too wide) in paragraph at lines 220--220
[][][][][][][]  
 []


Overfull \hbox (9.33333pt too wide) in paragraph at lines 220--220
[][][][][][][]  
 []

> Step: build the whole table.

Overfull \hbox (9.33333pt too wide) in paragraph at lines 220--220
[][][][][][][]  
 []

\c@counterjon=\count333

Overfull \hbox (15.0pt too wide) in paragraph at lines 220--221
[][]
 []


Underfull \hbox (badness 10000) in paragraph at lines 220--221

 []

\mypingu4=\box102
> Step: init table outer spec.
> Step: parse table options.
> Step: split table.
> Step: init table inner spec.
> Step: parse table inner spec.
> Step: execute table commands.
> Step: calculate cell and line sizes.

Overfull \hbox (9.33333pt too wide) in paragraph at lines 221--221
[][][][][][][]  
 []


Overfull \hbox (9.33333pt too wide) in paragraph at lines 221--221
[][][][][][][]  
 []

> Step: build the whole table.

Overfull \hbox (9.33333pt too wide) in paragraph at lines 221--221
[][][][][][][]  
 []

\c@countergiulia=\count334

Overfull \hbox (15.0pt too wide) in paragraph at lines 221--222
[][]
 []


Underfull \hbox (badness 10000) in paragraph at lines 221--222

 []

\mypingu5=\box103
> Step: init table outer spec.
> Step: parse table options.
> Step: split table.
> Step: init table inner spec.
> Step: parse table inner spec.
> Step: execute table commands.
> Step: calculate cell and line sizes.

Overfull \hbox (9.33333pt too wide) in paragraph at lines 222--222
[][][][][][][]  
 []


Overfull \hbox (9.33333pt too wide) in paragraph at lines 222--222
[][][][][][][]  
 []

> Step: build the whole table.

Overfull \hbox (9.33333pt too wide) in paragraph at lines 222--222
[][][][][][][]  
 []

\c@counterele=\count335

Overfull \hbox (15.0pt too wide) in paragraph at lines 222--223
[][]
 []


Underfull \hbox (badness 10000) in paragraph at lines 222--223

 []

\mypingu6=\box104
> Step: init table outer spec.
> Step: parse table options.
> Step: split table.
> Step: init table inner spec.
> Step: parse table inner spec.
> Step: execute table commands.
> Step: calculate cell and line sizes.

Overfull \hbox (9.33333pt too wide) in paragraph at lines 223--223
[][][][][][][]  
 []


Overfull \hbox (9.33333pt too wide) in paragraph at lines 223--223
[][][][][][][]  
 []

> Step: build the whole table.

Overfull \hbox (9.33333pt too wide) in paragraph at lines 223--223
[][][][][][][]  
 []

\c@counterenri=\count336

Overfull \hbox (15.0pt too wide) in paragraph at lines 223--224
[][]
 []


Underfull \hbox (badness 10000) in paragraph at lines 223--224

 []

\mypingu7=\box105
> Step: init table outer spec.
> Step: parse table options.
> Step: split table.
> Step: init table inner spec.
> Step: parse table inner spec.
> Step: execute table commands.
> Step: calculate cell and line sizes.

Overfull \hbox (9.33333pt too wide) in paragraph at lines 224--224
[][][][][][][]  
 []


Overfull \hbox (9.33333pt too wide) in paragraph at lines 224--224
[][][][][][][]  
 []

> Step: build the whole table.

Overfull \hbox (9.33333pt too wide) in paragraph at lines 224--224
[][][][][][][]  
 []


Overfull \hbox (15.0pt too wide) in paragraph at lines 224--225
[][]
 []


Underfull \hbox (badness 10000) in paragraph at lines 224--225

 []

> Step: init table outer spec.
> Step: parse table options.
> Step: split table.
> Step: init table inner spec.
> Step: parse table inner spec.
> Step: execute table commands.
> Step: calculate cell and line sizes.

Overfull \hbox (9.33333pt too wide) in paragraph at lines 225--225
[][][][][][][]  
 []


Overfull \hbox (9.33333pt too wide) in paragraph at lines 225--225
[][][][][][][]  
 []

> Step: build the whole table.

Overfull \hbox (9.33333pt too wide) in paragraph at lines 225--225
[][][][][][][]  
 []

\c@counteredo=\count337

Overfull \hbox (15.0pt too wide) in paragraph at lines 225--226
[][]
 []


Underfull \hbox (badness 10000) in paragraph at lines 225--226

 []

\mypingu8=\box106
> Step: init table outer spec.
> Step: parse table options.
> Step: split table.
> Step: init table inner spec.
> Step: parse table inner spec.
> Step: execute table commands.
> Step: calculate cell and line sizes.

Overfull \hbox (9.33333pt too wide) in paragraph at lines 226--226
[][][][][][][]  
 []


Overfull \hbox (9.33333pt too wide) in paragraph at lines 226--226
[][][][][][][]  
 []

> Step: build the whole table.

Overfull \hbox (9.33333pt too wide) in paragraph at lines 226--226
[][][][][][][]  
 []


Overfull \hbox (15.0pt too wide) in paragraph at lines 226--227
[][]
 []


Underfull \hbox (badness 10000) in paragraph at lines 226--227

 []

> Step: init table outer spec.
> Step: parse table options.
> Step: split table.
> Step: init table inner spec.
> Step: parse table inner spec.
> Step: execute table commands.
> Step: calculate cell and line sizes.

Overfull \hbox (9.33333pt too wide) in paragraph at lines 227--227
[][][][][][][]  
 []


Overfull \hbox (9.33333pt too wide) in paragraph at lines 227--227
[][][][][][][]  
 []

> Step: build the whole table.

Overfull \hbox (9.33333pt too wide) in paragraph at lines 227--227
[][][][][][][]  
 []


Overfull \hbox (15.0pt too wide) in paragraph at lines 227--228
[][]
 []


Underfull \hbox (badness 10000) in paragraph at lines 227--228

 []

> Step: init table outer spec.
> Step: parse table options.
> Step: split table.
> Step: init table inner spec.
> Step: parse table inner spec.
> Step: execute table commands.
> Step: calculate cell and line sizes.

Overfull \hbox (9.33333pt too wide) in paragraph at lines 228--228
[][][][][][][]  
 []


Overfull \hbox (9.33333pt too wide) in paragraph at lines 228--228
[][][][][][][]  
 []

> Step: build the whole table.

Overfull \hbox (9.33333pt too wide) in paragraph at lines 228--228
[][][][][][][]  
 []


Overfull \hbox (15.0pt too wide) in paragraph at lines 228--229
[][]
 []


Underfull \hbox (badness 10000) in paragraph at lines 228--229

 []

> Step: init table outer spec.
> Step: parse table options.
> Step: split table.
> Step: init table inner spec.
> Step: parse table inner spec.
> Step: execute table commands.
> Step: calculate cell and line sizes.

Overfull \hbox (9.33333pt too wide) in paragraph at lines 229--229
[][][][][][][]  
 []


Overfull \hbox (9.33333pt too wide) in paragraph at lines 229--229
[][][][][][][]  
 []

> Step: build the whole table.

Overfull \hbox (9.33333pt too wide) in paragraph at lines 229--229
[][][][][][][]  
 []


Overfull \hbox (15.0pt too wide) in paragraph at lines 229--230
[][]
 []


Underfull \hbox (badness 10000) in paragraph at lines 229--230

 []

> Step: init table outer spec.
> Step: parse table options.
> Step: split table.
> Step: init table inner spec.
> Step: parse table inner spec.
> Step: execute table commands.
> Step: calculate cell and line sizes.

Overfull \hbox (9.33333pt too wide) in paragraph at lines 230--230
[][][][][][][]  
 []


Overfull \hbox (9.33333pt too wide) in paragraph at lines 230--230
[][][][][][][]  
 []

> Step: build the whole table.

Overfull \hbox (9.33333pt too wide) in paragraph at lines 230--230
[][][][][][][]  
 []

\c@counterquetti=\count338

Overfull \hbox (15.0pt too wide) in paragraph at lines 230--231
[][]
 []


Underfull \hbox (badness 10000) in paragraph at lines 230--231

 []

\mypingu9=\box107
> Step: init table outer spec.
> Step: parse table options.
> Step: split table.
> Step: init table inner spec.
> Step: parse table inner spec.
> Step: execute table commands.
> Step: calculate cell and line sizes.

Overfull \hbox (9.33333pt too wide) in paragraph at lines 231--231
[][][][][][][]  
 []


Overfull \hbox (9.33333pt too wide) in paragraph at lines 231--231
[][][][][][][]  
 []

> Step: build the whole table.

Overfull \hbox (9.33333pt too wide) in paragraph at lines 231--231
[][][][][][][]  
 []


Overfull \hbox (15.0pt too wide) in paragraph at lines 231--232
[][]
 []


Underfull \hbox (badness 10000) in paragraph at lines 231--232

 []

> Step: init table outer spec.
> Step: parse table options.
> Step: split table.
> Step: init table inner spec.
> Step: parse table inner spec.
> Step: execute table commands.
> Step: calculate cell and line sizes.

Overfull \hbox (9.33333pt too wide) in paragraph at lines 232--232
[][][][][][][]  
 []


Overfull \hbox (9.33333pt too wide) in paragraph at lines 232--232
[][][][][][][]  
 []

> Step: build the whole table.

Overfull \hbox (9.33333pt too wide) in paragraph at lines 232--232
[][][][][][][]  
 []


Overfull \hbox (15.0pt too wide) in paragraph at lines 232--233
[][]
 []


Underfull \hbox (badness 10000) in paragraph at lines 232--233

 []

> Step: init table outer spec.
> Step: parse table options.
> Step: split table.
> Step: init table inner spec.
> Step: parse table inner spec.
> Step: execute table commands.
> Step: calculate cell and line sizes.

Overfull \hbox (9.33333pt too wide) in paragraph at lines 233--233
[][][][][][][]  
 []


Overfull \hbox (9.33333pt too wide) in paragraph at lines 233--233
[][][][][][][]  
 []

> Step: build the whole table.

Overfull \hbox (9.33333pt too wide) in paragraph at lines 233--233
[][][][][][][]  
 []


Overfull \hbox (15.0pt too wide) in paragraph at lines 233--234
[][]
 []


Underfull \hbox (badness 10000) in paragraph at lines 233--234

 []

[1

{/usr/local/texlive/2024/texmf-var/fonts/map/pdftex/updmap/pdftex.map}]
> Step: init table outer spec.
> Step: parse table options.
> Step: split table.
> Step: init table inner spec.
> Step: parse table inner spec.
> Step: execute table commands.
> Step: calculate cell and line sizes.

Overfull \hbox (9.33333pt too wide) in paragraph at lines 234--234
[][][][][][][]  
 []


Overfull \hbox (9.33333pt too wide) in paragraph at lines 234--234
[][][][][][][]  
 []

> Step: build the whole table.

Overfull \hbox (9.33333pt too wide) in paragraph at lines 234--234
[][][][][][][]  
 []


Overfull \hbox (15.0pt too wide) in paragraph at lines 234--235
[][]
 []


Underfull \hbox (badness 10000) in paragraph at lines 234--235

 []

> Step: init table outer spec.
> Step: parse table options.
> Step: split table.
> Step: init table inner spec.
> Step: parse table inner spec.
> Step: execute table commands.
> Step: calculate cell and line sizes.

Overfull \hbox (9.33333pt too wide) in paragraph at lines 235--235
[][][][][][][]  
 []


Overfull \hbox (9.33333pt too wide) in paragraph at lines 235--235
[][][][][][][]  
 []

> Step: build the whole table.

Overfull \hbox (9.33333pt too wide) in paragraph at lines 235--235
[][][][][][][]  
 []


Overfull \hbox (15.0pt too wide) in paragraph at lines 235--236
[][]
 []


Underfull \hbox (badness 10000) in paragraph at lines 235--236

 []

> Step: init table outer spec.
> Step: parse table options.
> Step: split table.
> Step: init table inner spec.
> Step: parse table inner spec.
> Step: execute table commands.
> Step: calculate cell and line sizes.

Overfull \hbox (9.33333pt too wide) in paragraph at lines 236--236
[][][][][][][]  
 []


Overfull \hbox (9.33333pt too wide) in paragraph at lines 236--236
[][][][][][][]  
 []

> Step: build the whole table.

Overfull \hbox (9.33333pt too wide) in paragraph at lines 236--236
[][][][][][][]  
 []

\c@countersara=\count339

Overfull \hbox (15.0pt too wide) in paragraph at lines 236--237
[][]
 []


Underfull \hbox (badness 10000) in paragraph at lines 236--237

 []

\mypingu10=\box108
> Step: init table outer spec.
> Step: parse table options.
> Step: split table.
> Step: init table inner spec.
> Step: parse table inner spec.
> Step: execute table commands.
> Step: calculate cell and line sizes.

Overfull \hbox (9.33333pt too wide) in paragraph at lines 237--237
[][][][][][][]  
 []


Overfull \hbox (9.33333pt too wide) in paragraph at lines 237--237
[][][][][][][]  
 []

> Step: build the whole table.

Overfull \hbox (9.33333pt too wide) in paragraph at lines 237--237
[][][][][][][]  
 []


Overfull \hbox (15.0pt too wide) in paragraph at lines 237--238
[][]
 []


Underfull \hbox (badness 10000) in paragraph at lines 237--238

 []

> Step: init table outer spec.
> Step: parse table options.
> Step: split table.
> Step: init table inner spec.
> Step: parse table inner spec.
> Step: execute table commands.
> Step: calculate cell and line sizes.

Overfull \hbox (9.33333pt too wide) in paragraph at lines 238--238
[][][][][][][]  
 []


Overfull \hbox (9.33333pt too wide) in paragraph at lines 238--238
[][][][][][][]  
 []

> Step: build the whole table.

Overfull \hbox (9.33333pt too wide) in paragraph at lines 238--238
[][][][][][][]  
 []


Overfull \hbox (15.0pt too wide) in paragraph at lines 238--239
[][]
 []


Underfull \hbox (badness 10000) in paragraph at lines 238--239

 []

> Step: init table outer spec.
> Step: parse table options.
> Step: split table.
> Step: init table inner spec.
> Step: parse table inner spec.
> Step: execute table commands.
> Step: calculate cell and line sizes.

Overfull \hbox (9.33333pt too wide) in paragraph at lines 239--239
[][][][][][][]  
 []


Overfull \hbox (9.33333pt too wide) in paragraph at lines 239--239
[][][][][][][]  
 []

> Step: build the whole table.

Overfull \hbox (9.33333pt too wide) in paragraph at lines 239--239
[][][][][][][]  
 []


Overfull \hbox (15.0pt too wide) in paragraph at lines 239--240
[][]
 []


Underfull \hbox (badness 10000) in paragraph at lines 239--240

 []

> Step: init table outer spec.
> Step: parse table options.
> Step: split table.
> Step: init table inner spec.
> Step: parse table inner spec.
> Step: execute table commands.
> Step: calculate cell and line sizes.

Overfull \hbox (9.33333pt too wide) in paragraph at lines 240--240
[][][][][][][]  
 []


Overfull \hbox (9.33333pt too wide) in paragraph at lines 240--240
[][][][][][][]  
 []

> Step: build the whole table.

Overfull \hbox (9.33333pt too wide) in paragraph at lines 240--240
[][][][][][][]  
 []


Overfull \hbox (15.0pt too wide) in paragraph at lines 240--241
[][]
 []


Underfull \hbox (badness 10000) in paragraph at lines 240--241

 []

> Step: init table outer spec.
> Step: parse table options.
> Step: split table.
> Step: init table inner spec.
> Step: parse table inner spec.
> Step: execute table commands.
> Step: calculate cell and line sizes.

Overfull \hbox (9.33333pt too wide) in paragraph at lines 241--241
[][][][][][][]  
 []


Overfull \hbox (9.33333pt too wide) in paragraph at lines 241--241
[][][][][][][]  
 []

> Step: build the whole table.

Overfull \hbox (9.33333pt too wide) in paragraph at lines 241--241
[][][][][][][]  
 []


Overfull \hbox (15.0pt too wide) in paragraph at lines 241--242
[][]
 []


Underfull \hbox (badness 10000) in paragraph at lines 241--242

 []

> Step: init table outer spec.
> Step: parse table options.
> Step: split table.
> Step: init table inner spec.
> Step: parse table inner spec.
> Step: execute table commands.
> Step: calculate cell and line sizes.

Overfull \hbox (9.33333pt too wide) in paragraph at lines 242--242
[][][][][][][]  
 []


Overfull \hbox (9.33333pt too wide) in paragraph at lines 242--242
[][][][][][][]  
 []

> Step: build the whole table.

Overfull \hbox (9.33333pt too wide) in paragraph at lines 242--242
[][][][][][][]  
 []


Overfull \hbox (15.0pt too wide) in paragraph at lines 242--243
[][]
 []


Underfull \hbox (badness 10000) in paragraph at lines 242--243

 []

> Step: init table outer spec.
> Step: parse table options.
> Step: split table.
> Step: init table inner spec.
> Step: parse table inner spec.
> Step: execute table commands.
> Step: calculate cell and line sizes.

Overfull \hbox (9.33333pt too wide) in paragraph at lines 243--243
[][][][][][][]  
 []


Overfull \hbox (9.33333pt too wide) in paragraph at lines 243--243
[][][][][][][]  
 []

> Step: build the whole table.

Overfull \hbox (9.33333pt too wide) in paragraph at lines 243--243
[][][][][][][]  
 []

\c@countermando=\count340

Overfull \hbox (15.0pt too wide) in paragraph at lines 243--244
[][]
 []


Underfull \hbox (badness 10000) in paragraph at lines 243--244

 []

\mypingu11=\box109
Missing character: There is no ; in font nullfont!
> Step: init table outer spec.
> Step: parse table options.
> Step: split table.
> Step: init table inner spec.
> Step: parse table inner spec.
> Step: execute table commands.
> Step: calculate cell and line sizes.

Overfull \hbox (9.33333pt too wide) in paragraph at lines 244--244
[][][][][][][]  
 []


Overfull \hbox (9.33333pt too wide) in paragraph at lines 244--244
[][][][][][][]  
 []

> Step: build the whole table.

Overfull \hbox (9.33333pt too wide) in paragraph at lines 244--244
[][][][][][][]  
 []


Overfull \hbox (15.0pt too wide) in paragraph at lines 244--245
[][]
 []


Underfull \hbox (badness 10000) in paragraph at lines 244--245

 []

> Step: init table outer spec.
> Step: parse table options.
> Step: split table.
> Step: init table inner spec.
> Step: parse table inner spec.
> Step: execute table commands.
> Step: calculate cell and line sizes.

Overfull \hbox (9.33333pt too wide) in paragraph at lines 245--245
[][][][][][][]  
 []


Overfull \hbox (9.33333pt too wide) in paragraph at lines 245--245
[][][][][][][]  
 []

> Step: build the whole table.

Overfull \hbox (9.33333pt too wide) in paragraph at lines 245--245
[][][][][][][]  
 []

\c@countersimo=\count341

Overfull \hbox (15.0pt too wide) in paragraph at lines 245--246
[][]
 []


Underfull \hbox (badness 10000) in paragraph at lines 245--246

 []

\mypingu12=\box110
Missing character: There is no ; in font nullfont!
> Step: init table outer spec.
> Step: parse table options.
> Step: split table.
> Step: init table inner spec.
> Step: parse table inner spec.
> Step: execute table commands.
> Step: calculate cell and line sizes.

Overfull \hbox (9.33333pt too wide) in paragraph at lines 246--246
[][][][][][][]  
 []


Overfull \hbox (9.33333pt too wide) in paragraph at lines 246--246
[][][][][][][]  
 []

> Step: build the whole table.

Overfull \hbox (9.33333pt too wide) in paragraph at lines 246--246
[][][][][][][]  
 []


Overfull \hbox (15.0pt too wide) in paragraph at lines 246--247
[][]
 []


Underfull \hbox (badness 10000) in paragraph at lines 246--247

 []

> Step: init table outer spec.
> Step: parse table options.
> Step: split table.
> Step: init table inner spec.
> Step: parse table inner spec.
> Step: execute table commands.
> Step: calculate cell and line sizes.

Overfull \hbox (9.33333pt too wide) in paragraph at lines 247--247
[][][][][][][]  
 []


Overfull \hbox (9.33333pt too wide) in paragraph at lines 247--247
[][][][][][][]  
 []

> Step: build the whole table.

Overfull \hbox (9.33333pt too wide) in paragraph at lines 247--247
[][][][][][][]  
 []


Overfull \hbox (15.0pt too wide) in paragraph at lines 247--248
[][]
 []


Underfull \hbox (badness 10000) in paragraph at lines 247--248

 []

[2]
> Step: init table outer spec.
> Step: parse table options.
> Step: split table.
> Step: init table inner spec.
> Step: parse table inner spec.
> Step: execute table commands.
> Step: calculate cell and line sizes.

Overfull \hbox (9.33333pt too wide) in paragraph at lines 248--248
[][][][][][][]  
 []


Overfull \hbox (9.33333pt too wide) in paragraph at lines 248--248
[][][][][][][]  
 []

> Step: build the whole table.

Overfull \hbox (9.33333pt too wide) in paragraph at lines 248--248
[][][][][][][]  
 []


Overfull \hbox (15.0pt too wide) in paragraph at lines 248--249
[][]
 []


Underfull \hbox (badness 10000) in paragraph at lines 248--249

 []

> Step: init table outer spec.
> Step: parse table options.
> Step: split table.
> Step: init table inner spec.
> Step: parse table inner spec.
> Step: execute table commands.
> Step: calculate cell and line sizes.

Overfull \hbox (9.33333pt too wide) in paragraph at lines 249--249
[][][][][][][]  
 []


Overfull \hbox (9.33333pt too wide) in paragraph at lines 249--249
[][][][][][][]  
 []

> Step: build the whole table.

Overfull \hbox (9.33333pt too wide) in paragraph at lines 249--249
[][][][][][][]  
 []


Overfull \hbox (15.0pt too wide) in paragraph at lines 249--250
[][]
 []


Underfull \hbox (badness 10000) in paragraph at lines 249--250

 []

> Step: init table outer spec.
> Step: parse table options.
> Step: split table.
> Step: init table inner spec.
> Step: parse table inner spec.
> Step: execute table commands.
> Step: calculate cell and line sizes.

Overfull \hbox (9.33333pt too wide) in paragraph at lines 250--250
[][][][][][][]  
 []


Overfull \hbox (9.33333pt too wide) in paragraph at lines 250--250
[][][][][][][]  
 []

> Step: build the whole table.

Overfull \hbox (9.33333pt too wide) in paragraph at lines 250--250
[][][][][][][]  
 []


Overfull \hbox (15.0pt too wide) in paragraph at lines 250--251
[][]
 []


Underfull \hbox (badness 10000) in paragraph at lines 250--251

 []

> Step: init table outer spec.
> Step: parse table options.
> Step: split table.
> Step: init table inner spec.
> Step: parse table inner spec.
> Step: execute table commands.
> Step: calculate cell and line sizes.

Overfull \hbox (9.33333pt too wide) in paragraph at lines 251--251
[][][][][][][]  
 []


Overfull \hbox (9.33333pt too wide) in paragraph at lines 251--251
[][][][][][][]  
 []

> Step: build the whole table.

Overfull \hbox (9.33333pt too wide) in paragraph at lines 251--251
[][][][][][][]  
 []


Overfull \hbox (15.0pt too wide) in paragraph at lines 251--252
[][]
 []


Underfull \hbox (badness 10000) in paragraph at lines 251--252

 []

> Step: init table outer spec.
> Step: parse table options.
> Step: split table.
> Step: init table inner spec.
> Step: parse table inner spec.
> Step: execute table commands.
> Step: calculate cell and line sizes.

Overfull \hbox (9.33333pt too wide) in paragraph at lines 252--252
[][][][][][][]  
 []


Overfull \hbox (9.33333pt too wide) in paragraph at lines 252--252
[][][][][][][]  
 []

> Step: build the whole table.

Overfull \hbox (9.33333pt too wide) in paragraph at lines 252--252
[][][][][][][]  
 []


Overfull \hbox (15.0pt too wide) in paragraph at lines 252--253
[][]
 []


Underfull \hbox (badness 10000) in paragraph at lines 252--253

 []

> Step: init table outer spec.
> Step: parse table options.
> Step: split table.
> Step: init table inner spec.
> Step: parse table inner spec.
> Step: execute table commands.
> Step: calculate cell and line sizes.

Overfull \hbox (9.33333pt too wide) in paragraph at lines 253--253
[][][][][][][]  
 []


Overfull \hbox (9.33333pt too wide) in paragraph at lines 253--253
[][][][][][][]  
 []

> Step: build the whole table.

Overfull \hbox (9.33333pt too wide) in paragraph at lines 253--253
[][][][][][][]  
 []


Overfull \hbox (15.0pt too wide) in paragraph at lines 253--254
[][]
 []


Underfull \hbox (badness 10000) in paragraph at lines 253--254

 []

> Step: init table outer spec.
> Step: parse table options.
> Step: split table.
> Step: init table inner spec.
> Step: parse table inner spec.
> Step: execute table commands.
> Step: calculate cell and line sizes.

Overfull \hbox (9.33333pt too wide) in paragraph at lines 254--254
[][][][][][][]  
 []


Overfull \hbox (9.33333pt too wide) in paragraph at lines 254--254
[][][][][][][]  
 []

> Step: build the whole table.

Overfull \hbox (9.33333pt too wide) in paragraph at lines 254--254
[][][][][][][]  
 []


Overfull \hbox (15.0pt too wide) in paragraph at lines 254--255
[][]
 []


Underfull \hbox (badness 10000) in paragraph at lines 254--255

 []

> Step: init table outer spec.
> Step: parse table options.
> Step: split table.
> Step: init table inner spec.
> Step: parse table inner spec.
> Step: execute table commands.
> Step: calculate cell and line sizes.

Overfull \hbox (9.33333pt too wide) in paragraph at lines 255--255
[][][][][][][]  
 []


Overfull \hbox (9.33333pt too wide) in paragraph at lines 255--255
[][][][][][][]  
 []

> Step: build the whole table.

Overfull \hbox (9.33333pt too wide) in paragraph at lines 255--255
[][][][][][][]  
 []


Overfull \hbox (15.0pt too wide) in paragraph at lines 255--256
[][]
 []


Underfull \hbox (badness 10000) in paragraph at lines 255--256

 []

> Step: init table outer spec.
> Step: parse table options.
> Step: split table.
> Step: init table inner spec.
> Step: parse table inner spec.
> Step: execute table commands.
> Step: calculate cell and line sizes.

Overfull \hbox (9.33333pt too wide) in paragraph at lines 256--256
[][][][][][][]  
 []


Overfull \hbox (9.33333pt too wide) in paragraph at lines 256--256
[][][][][][][]  
 []

> Step: build the whole table.

Overfull \hbox (9.33333pt too wide) in paragraph at lines 256--256
[][][][][][][]  
 []


Overfull \hbox (15.0pt too wide) in paragraph at lines 256--257
[][]
 []


Underfull \hbox (badness 10000) in paragraph at lines 256--257

 []

> Step: init table outer spec.
> Step: parse table options.
> Step: split table.
> Step: init table inner spec.
> Step: parse table inner spec.
> Step: execute table commands.
> Step: calculate cell and line sizes.

Overfull \hbox (9.33333pt too wide) in paragraph at lines 257--257
[][][][][][][]  
 []


Overfull \hbox (9.33333pt too wide) in paragraph at lines 257--257
[][][][][][][]  
 []

> Step: build the whole table.

Overfull \hbox (9.33333pt too wide) in paragraph at lines 257--257
[][][][][][][]  
 []


Overfull \hbox (15.0pt too wide) in paragraph at lines 257--258
[][]
 []


Underfull \hbox (badness 10000) in paragraph at lines 257--258

 []

> Step: init table outer spec.
> Step: parse table options.
> Step: split table.
> Step: init table inner spec.
> Step: parse table inner spec.
> Step: execute table commands.
> Step: calculate cell and line sizes.

Overfull \hbox (9.33333pt too wide) in paragraph at lines 258--258
[][][][][][][]  
 []


Overfull \hbox (9.33333pt too wide) in paragraph at lines 258--258
[][][][][][][]  
 []

> Step: build the whole table.

Overfull \hbox (9.33333pt too wide) in paragraph at lines 258--258
[][][][][][][]  
 []


Overfull \hbox (15.0pt too wide) in paragraph at lines 258--259
[][]
 []


Underfull \hbox (badness 10000) in paragraph at lines 258--259

 []

> Step: init table outer spec.
> Step: parse table options.
> Step: split table.
> Step: init table inner spec.
> Step: parse table inner spec.
> Step: execute table commands.
> Step: calculate cell and line sizes.

Overfull \hbox (9.33333pt too wide) in paragraph at lines 259--259
[][][][][][][]  
 []


Overfull \hbox (9.33333pt too wide) in paragraph at lines 259--259
[][][][][][][]  
 []

> Step: build the whole table.

Overfull \hbox (9.33333pt too wide) in paragraph at lines 259--259
[][][][][][][]  
 []

\c@counterenrico=\count342

Overfull \hbox (15.0pt too wide) in paragraph at lines 259--260
[][]
 []


Underfull \hbox (badness 10000) in paragraph at lines 259--260

 []

\mypingu13=\box111
> Step: init table outer spec.
> Step: parse table options.
> Step: split table.
> Step: init table inner spec.
> Step: parse table inner spec.
> Step: execute table commands.
> Step: calculate cell and line sizes.

Overfull \hbox (9.33333pt too wide) in paragraph at lines 260--260
[][][][][][][]  
 []


Overfull \hbox (9.33333pt too wide) in paragraph at lines 260--260
[][][][][][][]  
 []

> Step: build the whole table.

Overfull \hbox (9.33333pt too wide) in paragraph at lines 260--260
[][][][][][][]  
 []


Overfull \hbox (15.0pt too wide) in paragraph at lines 260--261
[][]
 []


Underfull \hbox (badness 10000) in paragraph at lines 260--261

 []

> Step: init table outer spec.
> Step: parse table options.
> Step: split table.
> Step: init table inner spec.
> Step: parse table inner spec.
> Step: execute table commands.
> Step: calculate cell and line sizes.

Overfull \hbox (9.33333pt too wide) in paragraph at lines 261--261
[][][][][][][]  
 []


Overfull \hbox (9.33333pt too wide) in paragraph at lines 261--261
[][][][][][][]  
 []

> Step: build the whole table.

Overfull \hbox (9.33333pt too wide) in paragraph at lines 261--261
[][][][][][][]  
 []


Overfull \hbox (15.0pt too wide) in paragraph at lines 261--262
[][]
 []


Underfull \hbox (badness 10000) in paragraph at lines 261--262

 []

[3]
> Step: init table outer spec.
> Step: parse table options.
> Step: split table.
> Step: init table inner spec.
> Step: parse table inner spec.
> Step: execute table commands.
> Step: calculate cell and line sizes.

Overfull \hbox (9.33333pt too wide) in paragraph at lines 262--262
[][][][][][][]  
 []


Overfull \hbox (9.33333pt too wide) in paragraph at lines 262--262
[][][][][][][]  
 []

> Step: build the whole table.

Overfull \hbox (9.33333pt too wide) in paragraph at lines 262--262
[][][][][][][]  
 []


Overfull \hbox (15.0pt too wide) in paragraph at lines 262--263
[][]
 []


Underfull \hbox (badness 10000) in paragraph at lines 262--263

 []

> Step: init table outer spec.
> Step: parse table options.
> Step: split table.
> Step: init table inner spec.
> Step: parse table inner spec.
> Step: execute table commands.
> Step: calculate cell and line sizes.

Overfull \hbox (9.33333pt too wide) in paragraph at lines 263--263
[][][][][][][]  
 []


Overfull \hbox (9.33333pt too wide) in paragraph at lines 263--263
[][][][][][][]  
 []

> Step: build the whole table.

Overfull \hbox (9.33333pt too wide) in paragraph at lines 263--263
[][][][][][][]  
 []

\c@counterElena Ballante=\count343

Overfull \hbox (15.0pt too wide) in paragraph at lines 263--264
[][]
 []


Underfull \hbox (badness 10000) in paragraph at lines 263--264

 []

\mypingu14=\box112
> Step: init table outer spec.
> Step: parse table options.
> Step: split table.
> Step: init table inner spec.
> Step: parse table inner spec.
> Step: execute table commands.
> Step: calculate cell and line sizes.

Overfull \hbox (9.33333pt too wide) in paragraph at lines 264--264
[][][][][][][]  
 []


Overfull \hbox (9.33333pt too wide) in paragraph at lines 264--264
[][][][][][][]  
 []

> Step: build the whole table.

Overfull \hbox (9.33333pt too wide) in paragraph at lines 264--264
[][][][][][][]  
 []


Overfull \hbox (15.0pt too wide) in paragraph at lines 264--265
[][]
 []


Underfull \hbox (badness 10000) in paragraph at lines 264--265

 []

> Step: init table outer spec.
> Step: parse table options.
> Step: split table.
> Step: init table inner spec.
> Step: parse table inner spec.
> Step: execute table commands.
> Step: calculate cell and line sizes.

Overfull \hbox (9.33333pt too wide) in paragraph at lines 265--265
[][][][][][][]  
 []


Overfull \hbox (9.33333pt too wide) in paragraph at lines 265--265
[][][][][][][]  
 []

> Step: build the whole table.

Overfull \hbox (9.33333pt too wide) in paragraph at lines 265--265
[][][][][][][]  
 []


Overfull \hbox (15.0pt too wide) in paragraph at lines 265--266
[][]
 []


Underfull \hbox (badness 10000) in paragraph at lines 265--266

 []

> Step: init table outer spec.
> Step: parse table options.
> Step: split table.
> Step: init table inner spec.
> Step: parse table inner spec.
> Step: execute table commands.
> Step: calculate cell and line sizes.

Overfull \hbox (9.33333pt too wide) in paragraph at lines 266--266
[][][][][][][]  
 []


Overfull \hbox (9.33333pt too wide) in paragraph at lines 266--266
[][][][][][][]  
 []

> Step: build the whole table.

Overfull \hbox (9.33333pt too wide) in paragraph at lines 266--266
[][][][][][][]  
 []


Overfull \hbox (15.0pt too wide) in paragraph at lines 266--267
[][]
 []


Underfull \hbox (badness 10000) in paragraph at lines 266--267

 []

> Step: init table outer spec.
> Step: parse table options.
> Step: split table.
> Step: init table inner spec.
> Step: parse table inner spec.
> Step: execute table commands.
> Step: calculate cell and line sizes.

Overfull \hbox (9.33333pt too wide) in paragraph at lines 267--267
[][][][][][][]  
 []


Overfull \hbox (9.33333pt too wide) in paragraph at lines 267--267
[][][][][][][]  
 []

> Step: build the whole table.

Overfull \hbox (9.33333pt too wide) in paragraph at lines 267--267
[][][][][][][]  
 []


Overfull \hbox (15.0pt too wide) in paragraph at lines 267--268
[][]
 []


Underfull \hbox (badness 10000) in paragraph at lines 267--268

 []

> Step: init table outer spec.
> Step: parse table options.
> Step: split table.
> Step: init table inner spec.
> Step: parse table inner spec.
> Step: execute table commands.
> Step: calculate cell and line sizes.

Overfull \hbox (9.33333pt too wide) in paragraph at lines 268--268
[][][][][][][]  
 []


Overfull \hbox (9.33333pt too wide) in paragraph at lines 268--268
[][][][][][][]  
 []

> Step: build the whole table.

Overfull \hbox (9.33333pt too wide) in paragraph at lines 268--268
[][][][][][][]  
 []


Overfull \hbox (15.0pt too wide) in paragraph at lines 268--269
[][]
 []


Underfull \hbox (badness 10000) in paragraph at lines 268--269

 []

> Step: init table outer spec.
> Step: parse table options.
> Step: split table.
> Step: init table inner spec.
> Step: parse table inner spec.
> Step: execute table commands.
> Step: calculate cell and line sizes.

Overfull \hbox (9.33333pt too wide) in paragraph at lines 269--269
[][][][][][][]  
 []


Overfull \hbox (9.33333pt too wide) in paragraph at lines 269--269
[][][][][][][]  
 []

> Step: build the whole table.

Overfull \hbox (9.33333pt too wide) in paragraph at lines 269--269
[][][][][][][]  
 []


Overfull \hbox (15.0pt too wide) in paragraph at lines 269--270
[][]
 []


Underfull \hbox (badness 10000) in paragraph at lines 269--270

 []

> Step: init table outer spec.
> Step: parse table options.
> Step: split table.
> Step: init table inner spec.
> Step: parse table inner spec.
> Step: execute table commands.
> Step: calculate cell and line sizes.

Overfull \hbox (9.33333pt too wide) in paragraph at lines 270--270
[][][][][][][]  
 []


Overfull \hbox (9.33333pt too wide) in paragraph at lines 270--270
[][][][][][][]  
 []

> Step: build the whole table.

Overfull \hbox (9.33333pt too wide) in paragraph at lines 270--270
[][][][][][][]  
 []


Overfull \hbox (15.0pt too wide) in paragraph at lines 270--271
[][]
 []


Underfull \hbox (badness 10000) in paragraph at lines 270--271

 []

> Step: init table outer spec.
> Step: parse table options.
> Step: split table.
> Step: init table inner spec.
> Step: parse table inner spec.
> Step: execute table commands.
> Step: calculate cell and line sizes.

Overfull \hbox (9.33333pt too wide) in paragraph at lines 271--271
[][][][][][][]  
 []


Overfull \hbox (9.33333pt too wide) in paragraph at lines 271--271
[][][][][][][]  
 []

> Step: build the whole table.

Overfull \hbox (9.33333pt too wide) in paragraph at lines 271--271
[][][][][][][]  
 []


Overfull \hbox (15.0pt too wide) in paragraph at lines 271--272
[][]
 []


Underfull \hbox (badness 10000) in paragraph at lines 271--272

 []

> Step: init table outer spec.
> Step: parse table options.
> Step: split table.
> Step: init table inner spec.
> Step: parse table inner spec.
> Step: execute table commands.
> Step: calculate cell and line sizes.

Overfull \hbox (9.33333pt too wide) in paragraph at lines 272--272
[][][][][][][]  
 []


Overfull \hbox (9.33333pt too wide) in paragraph at lines 272--272
[][][][][][][]  
 []

> Step: build the whole table.

Overfull \hbox (9.33333pt too wide) in paragraph at lines 272--272
[][][][][][][]  
 []


Overfull \hbox (15.0pt too wide) in paragraph at lines 272--273
[][]
 []


Underfull \hbox (badness 10000) in paragraph at lines 272--273

 []

> Step: init table outer spec.
> Step: parse table options.
> Step: split table.
> Step: init table inner spec.
> Step: parse table inner spec.
> Step: execute table commands.
> Step: calculate cell and line sizes.

Overfull \hbox (9.33333pt too wide) in paragraph at lines 273--273
[][][][][][][]  
 []


Overfull \hbox (9.33333pt too wide) in paragraph at lines 273--273
[][][][][][][]  
 []

> Step: build the whole table.

Overfull \hbox (9.33333pt too wide) in paragraph at lines 273--273
[][][][][][][]  
 []


Overfull \hbox (15.0pt too wide) in paragraph at lines 273--274
[][]
 []


Underfull \hbox (badness 10000) in paragraph at lines 273--274

 []

> Step: init table outer spec.
> Step: parse table options.
> Step: split table.
> Step: init table inner spec.
> Step: parse table inner spec.
> Step: execute table commands.
> Step: calculate cell and line sizes.

Overfull \hbox (9.33333pt too wide) in paragraph at lines 274--274
[][][][][][][]  
 []


Overfull \hbox (9.33333pt too wide) in paragraph at lines 274--274
[][][][][][][]  
 []

> Step: build the whole table.

Overfull \hbox (9.33333pt too wide) in paragraph at lines 274--274
[][][][][][][]  
 []


Overfull \hbox (15.0pt too wide) in paragraph at lines 274--275
[][]
 []


Underfull \hbox (badness 10000) in paragraph at lines 274--275

 []

> Step: init table outer spec.
> Step: parse table options.
> Step: split table.
> Step: init table inner spec.
> Step: parse table inner spec.
> Step: execute table commands.
> Step: calculate cell and line sizes.

Overfull \hbox (9.33333pt too wide) in paragraph at lines 275--275
[][][][][][][]  
 []


Overfull \hbox (9.33333pt too wide) in paragraph at lines 275--275
[][][][][][][]  
 []

> Step: build the whole table.

Overfull \hbox (9.33333pt too wide) in paragraph at lines 275--275
[][][][][][][]  
 []


Overfull \hbox (15.0pt too wide) in paragraph at lines 275--276
[][]
 []


Underfull \hbox (badness 10000) in paragraph at lines 275--276

 []

> Step: init table outer spec.
> Step: parse table options.
> Step: split table.
> Step: init table inner spec.
> Step: parse table inner spec.
> Step: execute table commands.
> Step: calculate cell and line sizes.

Overfull \hbox (9.33333pt too wide) in paragraph at lines 276--276
[][][][][][][]  
 []


Overfull \hbox (9.33333pt too wide) in paragraph at lines 276--276
[][][][][][][]  
 []

> Step: build the whole table.

Overfull \hbox (9.33333pt too wide) in paragraph at lines 276--276
[][][][][][][]  
 []


Overfull \hbox (15.0pt too wide) in paragraph at lines 276--277
[][]
 []


Underfull \hbox (badness 10000) in paragraph at lines 276--277

 []

[4]
> Step: init table outer spec.
> Step: parse table options.
> Step: split table.
> Step: init table inner spec.
> Step: parse table inner spec.
> Step: execute table commands.
> Step: calculate cell and line sizes.

Overfull \hbox (9.33333pt too wide) in paragraph at lines 277--277
[][][][][][][]  
 []


Overfull \hbox (9.33333pt too wide) in paragraph at lines 277--277
[][][][][][][]  
 []

> Step: build the whole table.

Overfull \hbox (9.33333pt too wide) in paragraph at lines 277--277
[][][][][][][]  
 []


Overfull \hbox (15.0pt too wide) in paragraph at lines 277--278
[][]
 []


Underfull \hbox (badness 10000) in paragraph at lines 277--278

 []

> Step: init table outer spec.
> Step: parse table options.
> Step: split table.
> Step: init table inner spec.
> Step: parse table inner spec.
> Step: execute table commands.
> Step: calculate cell and line sizes.

Overfull \hbox (9.33333pt too wide) in paragraph at lines 278--278
[][][][][][][]  
 []


Overfull \hbox (9.33333pt too wide) in paragraph at lines 278--278
[][][][][][][]  
 []

> Step: build the whole table.

Overfull \hbox (9.33333pt too wide) in paragraph at lines 278--278
[][][][][][][]  
 []


Overfull \hbox (15.0pt too wide) in paragraph at lines 278--279
[][]
 []


Underfull \hbox (badness 10000) in paragraph at lines 278--279

 []

> Step: init table outer spec.
> Step: parse table options.
> Step: split table.
> Step: init table inner spec.
> Step: parse table inner spec.
> Step: execute table commands.
> Step: calculate cell and line sizes.

Overfull \hbox (9.33333pt too wide) in paragraph at lines 279--279
[][][][][][][]  
 []


Overfull \hbox (9.33333pt too wide) in paragraph at lines 279--279
[][][][][][][]  
 []

> Step: build the whole table.

Overfull \hbox (9.33333pt too wide) in paragraph at lines 279--279
[][][][][][][]  
 []


Overfull \hbox (15.0pt too wide) in paragraph at lines 279--280
[][]
 []


Underfull \hbox (badness 10000) in paragraph at lines 279--280

 []

> Step: init table outer spec.
> Step: parse table options.
> Step: split table.
> Step: init table inner spec.
> Step: parse table inner spec.
> Step: execute table commands.
> Step: calculate cell and line sizes.

Overfull \hbox (9.33333pt too wide) in paragraph at lines 280--280
[][][][][][][]  
 []


Overfull \hbox (9.33333pt too wide) in paragraph at lines 280--280
[][][][][][][]  
 []

> Step: build the whole table.

Overfull \hbox (9.33333pt too wide) in paragraph at lines 280--280
[][][][][][][]  
 []

\c@counterchiara=\count344

Overfull \hbox (15.0pt too wide) in paragraph at lines 280--281
[][]
 []


Underfull \hbox (badness 10000) in paragraph at lines 280--281

 []

\mypingu15=\box113
> Step: init table outer spec.
> Step: parse table options.
> Step: split table.
> Step: init table inner spec.
> Step: parse table inner spec.
> Step: execute table commands.
> Step: calculate cell and line sizes.

Overfull \hbox (9.33333pt too wide) in paragraph at lines 281--281
[][][][][][][]  
 []


Overfull \hbox (9.33333pt too wide) in paragraph at lines 281--281
[][][][][][][]  
 []

> Step: build the whole table.

Overfull \hbox (9.33333pt too wide) in paragraph at lines 281--281
[][][][][][][]  
 []

\c@counternarratore=\count345

Overfull \hbox (15.0pt too wide) in paragraph at lines 281--282
[][]
 []


Underfull \hbox (badness 10000) in paragraph at lines 281--282

 []

\mypingu16=\box114
> Step: init table outer spec.
> Step: parse table options.
> Step: split table.
> Step: init table inner spec.
> Step: parse table inner spec.
> Step: execute table commands.
> Step: calculate cell and line sizes.

Overfull \hbox (9.33333pt too wide) in paragraph at lines 282--282
[][][][][][][]  
 []


Overfull \hbox (9.33333pt too wide) in paragraph at lines 282--282
[][][][][][][]  
 []

> Step: build the whole table.

Overfull \hbox (9.33333pt too wide) in paragraph at lines 282--282
[][][][][][][]  
 []


Overfull \hbox (15.0pt too wide) in paragraph at lines 282--283
[][]
 []


Underfull \hbox (badness 10000) in paragraph at lines 282--283

 []

[5] (./verbale01Consenso.aux)
 ***********
LaTeX2e <2023-11-01> patch level 1
L3 programming layer <2024-04-11>
 ***********
 ) 
Here is how much of TeX's memory you used:
 23453 strings out of 474050
 554743 string characters out of 5742269
 2191751 words of memory out of 5000000
 45553 multiletter control sequences out of 15000+600000
 621602 words of font info for 242 fonts, out of 8000000 for 9000
 1141 hyphenation exceptions out of 8191
 102i,10n,107p,1554b,1838s stack positions out of 10000i,1000n,20000p,200000b,200000s
</usr/local/texlive/2024/texmf-dist/fonts/type1/public/amsfonts/cm/cmbx10.pfb></usr/local/texlive/2024/texmf-dist/fonts/type1/public/amsfonts/cm/cmr10.pfb></usr/local/texlive/2024/texmf-dist/fonts/type1/public/amsfonts/cm/cmr12.pfb></usr/local/texlive/2024/texmf-dist/fonts/type1/public/amsfonts/cm/cmr17.pfb>
Output written on verbale01Consenso.pdf (5 pages, 226331 bytes).
PDF statistics:
 53 PDF objects out of 1000 (max. 8388607)
 32 compressed objects within 1 object stream
 0 named destinations out of 1000 (max. 500000)
 43 words of extra memory for PDF output out of 10000 (max. 10000000)

